<?xml version="1.0" encoding="UTF-8"?>
<!-- Generated by org.testng.reporters.JUnitReportReporter -->
<testsuite hostname="Saranya" failures="0" tests="4" name="com.test.LoginTest" time="23.973" errors="0" timestamp="2025-04-01T10:02:58 IST" skipped="0">
  <testcase classname="com.test.LoginTest" name="loginFunctionalityTest" time="5.372"/>
  <testcase classname="com.test.LoginTest" name="loginFunctionalityTest" time="5.234"/>
  <testcase classname="com.test.LoginTest" name="loginFunctionalityTest" time="5.339"/>
  <testcase classname="com.test.LoginTest" name="loginFunctionalityTest" time="8.028"/>
</testsuite> <!-- com.test.LoginTest -->
