<?xml version="1.0" encoding="UTF-8"?>
<!-- Generated by org.testng.reporters.JUnitReportReporter -->
<testsuite hostname="Saranya" failures="0" tests="1" name="com.test.ProductTest" time="39.612" errors="0" timestamp="2025-03-28T16:30:27 IST" skipped="0">
  <testcase classname="com.test.ProductTest" name="completeShoppingFlow" time="39.612"/>
</testsuite> <!-- com.test.ProductTest -->
